1656570101415	geckodriver	INFO	Listening on 127.0.0.1:55795
1656570101424	mozrunner::runner	INFO	Running command: "/usr/bin/firefox" "--marionette" "--remote-debugging-port" "36697" "--remote-allow-hosts" "localhost" "-no-remote" "-profile" "/tmp/rust_mozprofileOYLI71"
1656570102200	Marionette	INFO	Marionette enabled
WebDriver BiDi listening on ws://localhost:36697
console.warn: SearchSettings: "get: No settings file exists, new profile?" (new NotFoundError("Could not open the file at /tmp/rust_mozprofileOYLI71/search.json.mozlz4", (void 0)))
Missing chrome or resource URL: resource://gre/modules/UpdateListener.jsm
1656570103445	Marionette	INFO	Listening on port 37605
Read port: 37605
1656570103541	RemoteAgent	WARN	TLS certificate errors will be ignored for this session
DevTools listening on ws://localhost:36697/devtools/browser/4fa7e046-914a-4911-9959-4346ecb3c9f4
JavaScript error: https://media.ethicalads.io/media/client/v1.4.0/ethicalads.min.js, line 1: Error: No ad placements found.
JavaScript error: resource:///actors/FormValidationChild.jsm, line 184: TypeError: this._element is null
console.warn: LoginRecipes: "getRecipes: falling back to a synchronous message for:" "https://www.python.org"
1656570106410	Marionette	INFO	Stopped listening on port 37605
Missing chrome or resource URL: resource://gre/modules/UpdateListener.jsm
console.error: "Error during quit-application-granted: [Exception... \"File error: Not found\"  nsresult: \"0x80520012 (NS_ERROR_FILE_NOT_FOUND)\"  location: \"JS frame :: resource:///modules/BrowserGlue.jsm :: _onQuitApplicationGranted/tasks< :: line 1969\"  data: no]"
JavaScript error: resource://services-settings/Utils.jsm, line 153: TypeError: NetworkError: Network request failed
1656570884874	geckodriver	INFO	Listening on 127.0.0.1:58489
1656570884878	mozrunner::runner	INFO	Running command: "/usr/bin/firefox" "--marionette" "--remote-debugging-port" "51399" "--remote-allow-hosts" "localhost" "-no-remote" "-profile" "/tmp/rust_mozprofilerPmLTa"
1656570885650	Marionette	INFO	Marionette enabled
WebDriver BiDi listening on ws://localhost:51399
console.warn: SearchSettings: "get: No settings file exists, new profile?" (new NotFoundError("Could not open the file at /tmp/rust_mozprofilerPmLTa/search.json.mozlz4", (void 0)))
Missing chrome or resource URL: resource://gre/modules/UpdateListener.jsm
1656570886957	Marionette	INFO	Listening on port 41465
Read port: 41465
1656570886995	RemoteAgent	WARN	TLS certificate errors will be ignored for this session
DevTools listening on ws://localhost:51399/devtools/browser/826ecc0b-df55-4f8e-8729-9a7ff29a4bce
JavaScript error: https://media.ethicalads.io/media/client/v1.4.0/ethicalads.min.js, line 1: Error: No ad placements found.
Marionette threw an error: TypeError: this.curBrowser.contentBrowser is null
GeckoDriver.prototype.navigateTo@chrome://remote/content/marionette/driver.js:812:3

Missing chrome or resource URL: resource://gre/modules/UpdateListener.jsm
console.error: "Error during quit-application-granted: [Exception... \"File error: Not found\"  nsresult: \"0x80520012 (NS_ERROR_FILE_NOT_FOUND)\"  location: \"JS frame :: resource:///modules/BrowserGlue.jsm :: _onQuitApplicationGranted/tasks< :: line 1969\"  data: no]"
1656570896873	Marionette	INFO	Stopped listening on port 41465
console.warn: TopSitesFeed: Failed to fetch data from Contile server: NetworkError when attempting to fetch resource.
Sandbox: Unexpected EOF, op 0 flags 00 path /proc/cpuinfo
1656570923673	geckodriver	INFO	Listening on 127.0.0.1:47055
1656570923678	mozrunner::runner	INFO	Running command: "/usr/bin/firefox" "--marionette" "--remote-debugging-port" "37811" "--remote-allow-hosts" "localhost" "-no-remote" "-profile" "/tmp/rust_mozprofile3lb87h"
1656570924451	Marionette	INFO	Marionette enabled
WebDriver BiDi listening on ws://localhost:37811
console.warn: SearchSettings: "get: No settings file exists, new profile?" (new NotFoundError("Could not open the file at /tmp/rust_mozprofile3lb87h/search.json.mozlz4", (void 0)))
Missing chrome or resource URL: resource://gre/modules/UpdateListener.jsm
1656570925487	Marionette	INFO	Listening on port 43051
DevTools listening on ws://localhost:37811/devtools/browser/1507479b-df39-46c9-9e62-bbbf0472f9c7
Read port: 43051
1656570925591	RemoteAgent	WARN	TLS certificate errors will be ignored for this session
JavaScript error: https://media.ethicalads.io/media/client/v1.4.0/ethicalads.min.js, line 1: Error: No ad placements found.
JavaScript error: resource:///actors/FormValidationChild.jsm, line 184: TypeError: this._element is null
console.warn: LoginRecipes: "getRecipes: falling back to a synchronous message for:" "https://www.python.org"
1656570927652	Marionette	INFO	Stopped listening on port 43051
Missing chrome or resource URL: resource://gre/modules/UpdateListener.jsm
console.error: "Error during quit-application-granted: [Exception... \"File error: Not found\"  nsresult: \"0x80520012 (NS_ERROR_FILE_NOT_FOUND)\"  location: \"JS frame :: resource:///modules/BrowserGlue.jsm :: _onQuitApplicationGranted/tasks< :: line 1969\"  data: no]"
JavaScript error: resource://services-settings/Utils.jsm, line 153: TypeError: NetworkError: Network request failed

###!!! [Parent][PImageBridgeParent] Error: RunMessage(msgname=PImageBridge::Msg_WillClose) Channel closing: too late to send/recv, messages will be lost

1656570940395	geckodriver	INFO	Listening on 127.0.0.1:43725
1656570940399	mozrunner::runner	INFO	Running command: "/usr/bin/firefox" "--marionette" "--remote-debugging-port" "54101" "--remote-allow-hosts" "localhost" "-no-remote" "-profile" "/tmp/rust_mozprofile9J3ZOb"
1656570941147	Marionette	INFO	Marionette enabled
WebDriver BiDi listening on ws://localhost:54101
console.warn: SearchSettings: "get: No settings file exists, new profile?" (new NotFoundError("Could not open the file at /tmp/rust_mozprofile9J3ZOb/search.json.mozlz4", (void 0)))
Missing chrome or resource URL: resource://gre/modules/UpdateListener.jsm
1656570942216	Marionette	INFO	Listening on port 33821
DevTools listening on ws://localhost:54101/devtools/browser/7d89638a-2d1e-46a4-bfea-fc6940b49d96
Read port: 33821
1656570942312	RemoteAgent	WARN	TLS certificate errors will be ignored for this session
Missing chrome or resource URL: resource://gre/modules/UpdateListener.jsm
console.error: "Error during quit-application-granted: [Exception... \"File error: Not found\"  nsresult: \"0x80520012 (NS_ERROR_FILE_NOT_FOUND)\"  location: \"JS frame :: resource:///modules/BrowserGlue.jsm :: _onQuitApplicationGranted/tasks< :: line 1969\"  data: no]"
1656570959844	Marionette	INFO	Stopped listening on port 33821
console.warn: TopSitesFeed: Failed to fetch data from Contile server: NetworkError when attempting to fetch resource.
1656570973966	geckodriver	INFO	Listening on 127.0.0.1:60627
1656570973970	mozrunner::runner	INFO	Running command: "/usr/bin/firefox" "--marionette" "--remote-debugging-port" "37713" "--remote-allow-hosts" "localhost" "-no-remote" "-profile" "/tmp/rust_mozprofileadkTJP"
1656570974740	Marionette	INFO	Marionette enabled
WebDriver BiDi listening on ws://localhost:37713
console.warn: SearchSettings: "get: No settings file exists, new profile?" (new NotFoundError("Could not open the file at /tmp/rust_mozprofileadkTJP/search.json.mozlz4", (void 0)))
Missing chrome or resource URL: resource://gre/modules/UpdateListener.jsm
1656570975810	Marionette	INFO	Listening on port 40607
DevTools listening on ws://localhost:37713/devtools/browser/22b4b861-649c-41e6-add0-f4baf22b3a82
Read port: 40607
1656570975883	RemoteAgent	WARN	TLS certificate errors will be ignored for this session
1656570977242	Marionette	INFO	Stopped listening on port 40607
Missing chrome or resource URL: resource://gre/modules/UpdateListener.jsm
console.error: "Error during quit-application-granted: [Exception... \"File error: Not found\"  nsresult: \"0x80520012 (NS_ERROR_FILE_NOT_FOUND)\"  location: \"JS frame :: resource:///modules/BrowserGlue.jsm :: _onQuitApplicationGranted/tasks< :: line 1969\"  data: no]"
JavaScript error: resource://services-settings/Utils.jsm, line 153: TypeError: NetworkError: Network request failed

###!!! [Parent][PImageBridgeParent] Error: RunMessage(msgname=PImageBridge::Msg_WillClose) Channel closing: too late to send/recv, messages will be lost

1656571041073	geckodriver	INFO	Listening on 127.0.0.1:44051
1656571041077	mozrunner::runner	INFO	Running command: "/usr/bin/firefox" "--marionette" "--remote-debugging-port" "38797" "--remote-allow-hosts" "localhost" "-no-remote" "-profile" "/tmp/rust_mozprofileFPhslK"
1656571041902	Marionette	INFO	Marionette enabled
WebDriver BiDi listening on ws://localhost:38797
console.warn: SearchSettings: "get: No settings file exists, new profile?" (new NotFoundError("Could not open the file at /tmp/rust_mozprofileFPhslK/search.json.mozlz4", (void 0)))
Missing chrome or resource URL: resource://gre/modules/UpdateListener.jsm
1656571042959	Marionette	INFO	Listening on port 41051
Read port: 41051
DevTools listening on ws://localhost:38797/devtools/browser/1870ca86-63ca-41a2-9db3-424c0087f8aa
1656571042994	RemoteAgent	WARN	TLS certificate errors will be ignored for this session
1656571043931	Marionette	INFO	Stopped listening on port 41051
Missing chrome or resource URL: resource://gre/modules/UpdateListener.jsm
console.error: "Error during quit-application-granted: [Exception... \"File error: Not found\"  nsresult: \"0x80520012 (NS_ERROR_FILE_NOT_FOUND)\"  location: \"JS frame :: resource:///modules/BrowserGlue.jsm :: _onQuitApplicationGranted/tasks< :: line 1969\"  data: no]"
JavaScript error: resource:///modules/FaviconLoader.jsm, line 598: InvalidStateError: JSWindowActorChild.sendAsyncMessage: JSWindowActorChild cannot send at the moment
JavaScript error: resource://services-settings/RemoteSettingsWorker.jsm, line 143: Error: Shutdown, aborting read-only worker requests.

###!!! [Parent][PImageBridgeParent] Error: RunMessage(msgname=PImageBridge::Msg_WillClose) Channel closing: too late to send/recv, messages will be lost

1656571067993	geckodriver	INFO	Listening on 127.0.0.1:55951
1656571067997	mozrunner::runner	INFO	Running command: "/usr/bin/firefox" "--marionette" "--remote-debugging-port" "47905" "--remote-allow-hosts" "localhost" "-no-remote" "-profile" "/tmp/rust_mozprofileKU1VEq"
1656571068771	Marionette	INFO	Marionette enabled
WebDriver BiDi listening on ws://localhost:47905
console.warn: SearchSettings: "get: No settings file exists, new profile?" (new NotFoundError("Could not open the file at /tmp/rust_mozprofileKU1VEq/search.json.mozlz4", (void 0)))
Missing chrome or resource URL: resource://gre/modules/UpdateListener.jsm
1656571069837	Marionette	INFO	Listening on port 41189
Read port: 41189
1656571069911	RemoteAgent	WARN	TLS certificate errors will be ignored for this session
DevTools listening on ws://localhost:47905/devtools/browser/9c13c06b-22ac-4687-be64-dd30c6578542
Exiting due to channel error.
Exiting due to channel error.
Exiting due to channel error.
1656571165243	geckodriver	INFO	Listening on 127.0.0.1:42799
1656571165247	mozrunner::runner	INFO	Running command: "/usr/bin/firefox" "--marionette" "--remote-debugging-port" "54441" "--remote-allow-hosts" "localhost" "-no-remote" "-profile" "/tmp/rust_mozprofilellKK3w"
1656571166184	Marionette	INFO	Marionette enabled
WebDriver BiDi listening on ws://localhost:54441
console.warn: SearchSettings: "get: No settings file exists, new profile?" (new NotFoundError("Could not open the file at /tmp/rust_mozprofilellKK3w/search.json.mozlz4", (void 0)))
Missing chrome or resource URL: resource://gre/modules/UpdateListener.jsm
1656571167364	Marionette	INFO	Listening on port 35191
DevTools listening on ws://localhost:54441/devtools/browser/c92addb6-cb65-44dc-bc77-057d08107d47
Read port: 35191
1656571167462	RemoteAgent	WARN	TLS certificate errors will be ignored for this session
Exiting due to channel error.
Exiting due to channel error.
Exiting due to channel error.
1656571185411	geckodriver	INFO	Listening on 127.0.0.1:50969
1656571185415	mozrunner::runner	INFO	Running command: "/usr/bin/firefox" "--marionette" "--remote-debugging-port" "41017" "--remote-allow-hosts" "localhost" "-no-remote" "-profile" "/tmp/rust_mozprofilec6emCx"
1656571186176	Marionette	INFO	Marionette enabled
WebDriver BiDi listening on ws://localhost:41017
console.warn: SearchSettings: "get: No settings file exists, new profile?" (new NotFoundError("Could not open the file at /tmp/rust_mozprofilec6emCx/search.json.mozlz4", (void 0)))
Missing chrome or resource URL: resource://gre/modules/UpdateListener.jsm
1656571187376	Marionette	INFO	Listening on port 36801
DevTools listening on ws://localhost:41017/devtools/browser/37e7d84b-11dc-4ceb-8a1b-c09eec978044
Read port: 36801
1656571187431	RemoteAgent	WARN	TLS certificate errors will be ignored for this session
Exiting due to channel error.
Exiting due to channel error.
Exiting due to channel error.
1656571238279	geckodriver	INFO	Listening on 127.0.0.1:48847
1656571238283	mozrunner::runner	INFO	Running command: "/usr/bin/firefox" "--marionette" "--remote-debugging-port" "44889" "--remote-allow-hosts" "localhost" "-no-remote" "-profile" "/tmp/rust_mozprofileDELH8U"
1656571239045	Marionette	INFO	Marionette enabled
WebDriver BiDi listening on ws://localhost:44889
console.warn: SearchSettings: "get: No settings file exists, new profile?" (new NotFoundError("Could not open the file at /tmp/rust_mozprofileDELH8U/search.json.mozlz4", (void 0)))
Missing chrome or resource URL: resource://gre/modules/UpdateListener.jsm
1656571240257	Marionette	INFO	Listening on port 39243
Read port: 39243
1656571240305	RemoteAgent	WARN	TLS certificate errors will be ignored for this session
DevTools listening on ws://localhost:44889/devtools/browser/d0b5ccfd-4881-445d-b2ca-b480b25958cf
1656571246883	Marionette	INFO	Stopped listening on port 39243
Missing chrome or resource URL: resource://gre/modules/UpdateListener.jsm
console.error: "Error during quit-application-granted: [Exception... \"File error: Not found\"  nsresult: \"0x80520012 (NS_ERROR_FILE_NOT_FOUND)\"  location: \"JS frame :: resource:///modules/BrowserGlue.jsm :: _onQuitApplicationGranted/tasks< :: line 1969\"  data: no]"

###!!! [Parent][PImageBridgeParent] Error: RunMessage(msgname=PImageBridge::Msg_WillClose) Channel closing: too late to send/recv, messages will be lost

Sandbox: Unexpected EOF, op 0 flags 00 path /proc/cpuinfo
1656571345832	geckodriver	INFO	Listening on 127.0.0.1:45213
1656571345836	mozrunner::runner	INFO	Running command: "/usr/bin/firefox" "--marionette" "--remote-debugging-port" "40589" "--remote-allow-hosts" "localhost" "-no-remote" "-profile" "/tmp/rust_mozprofile8CKVWM"
1656571346590	Marionette	INFO	Marionette enabled
WebDriver BiDi listening on ws://localhost:40589
console.warn: SearchSettings: "get: No settings file exists, new profile?" (new NotFoundError("Could not open the file at /tmp/rust_mozprofile8CKVWM/search.json.mozlz4", (void 0)))
Missing chrome or resource URL: resource://gre/modules/UpdateListener.jsm
1656571347690	Marionette	INFO	Listening on port 41645
Read port: 41645
1656571347751	RemoteAgent	WARN	TLS certificate errors will be ignored for this session
DevTools listening on ws://localhost:40589/devtools/browser/4450ce55-109c-44d0-b275-161c9d341936
Missing chrome or resource URL: resource://gre/modules/UpdateListener.jsm
console.error: "Error during quit-application-granted: [Exception... \"File error: Not found\"  nsresult: \"0x80520012 (NS_ERROR_FILE_NOT_FOUND)\"  location: \"JS frame :: resource:///modules/BrowserGlue.jsm :: _onQuitApplicationGranted/tasks< :: line 1969\"  data: no]"
1656571356796	Marionette	INFO	Stopped listening on port 41645
console.warn: TopSitesFeed: Failed to fetch data from Contile server: NetworkError when attempting to fetch resource.

###!!! [Parent][PImageBridgeParent] Error: RunMessage(msgname=PImageBridge::Msg_WillClose) Channel closing: too late to send/recv, messages will be lost

1656571365263	geckodriver	INFO	Listening on 127.0.0.1:41655
1656571365267	mozrunner::runner	INFO	Running command: "/usr/bin/firefox" "--marionette" "--remote-debugging-port" "40451" "--remote-allow-hosts" "localhost" "-no-remote" "-profile" "/tmp/rust_mozprofile751Nic"
1656571366028	Marionette	INFO	Marionette enabled
WebDriver BiDi listening on ws://localhost:40451
console.warn: SearchSettings: "get: No settings file exists, new profile?" (new NotFoundError("Could not open the file at /tmp/rust_mozprofile751Nic/search.json.mozlz4", (void 0)))
Missing chrome or resource URL: resource://gre/modules/UpdateListener.jsm
1656571367210	Marionette	INFO	Listening on port 46487
DevTools listening on ws://localhost:40451/devtools/browser/e4b03206-f80a-465a-b950-aa1c6d25fb1c
Read port: 46487
1656571367280	RemoteAgent	WARN	TLS certificate errors will be ignored for this session
Missing chrome or resource URL: resource://gre/modules/UpdateListener.jsm
console.error: "Error during quit-application-granted: [Exception... \"File error: Not found\"  nsresult: \"0x80520012 (NS_ERROR_FILE_NOT_FOUND)\"  location: \"JS frame :: resource:///modules/BrowserGlue.jsm :: _onQuitApplicationGranted/tasks< :: line 1969\"  data: no]"
1656571373520	Marionette	INFO	Stopped listening on port 46487
console.warn: TopSitesFeed: Failed to fetch data from Contile server: NetworkError when attempting to fetch resource.
1656571440341	geckodriver	INFO	Listening on 127.0.0.1:59867
1656571440345	mozrunner::runner	INFO	Running command: "/usr/bin/firefox" "--marionette" "--remote-debugging-port" "59845" "--remote-allow-hosts" "localhost" "-no-remote" "-profile" "/tmp/rust_mozprofilehy2vgc"
1656571441144	Marionette	INFO	Marionette enabled
WebDriver BiDi listening on ws://localhost:59845
console.warn: SearchSettings: "get: No settings file exists, new profile?" (new NotFoundError("Could not open the file at /tmp/rust_mozprofilehy2vgc/search.json.mozlz4", (void 0)))
Missing chrome or resource URL: resource://gre/modules/UpdateListener.jsm
1656571442325	Marionette	INFO	Listening on port 36603
DevTools listening on ws://localhost:59845/devtools/browser/54805f34-6159-4bf9-81d1-f926bc33facc
Read port: 36603
1656571442363	RemoteAgent	WARN	TLS certificate errors will be ignored for this session
Missing chrome or resource URL: resource://gre/modules/UpdateListener.jsm
console.error: "Error during quit-application-granted: [Exception... \"File error: Not found\"  nsresult: \"0x80520012 (NS_ERROR_FILE_NOT_FOUND)\"  location: \"JS frame :: resource:///modules/BrowserGlue.jsm :: _onQuitApplicationGranted/tasks< :: line 1969\"  data: no]"
1656571456990	Marionette	INFO	Stopped listening on port 36603
console.warn: TopSitesFeed: Failed to fetch data from Contile server: NetworkError when attempting to fetch resource.

###!!! [Parent][PImageBridgeParent] Error: RunMessage(msgname=PImageBridge::Msg_WillClose) Channel closing: too late to send/recv, messages will be lost

Sandbox: Unexpected EOF, op 0 flags 00 path /proc/cpuinfo
1656571481032	geckodriver::marionette	ERROR	Failed to close browser connection: Socket not connected (os error 107)
1656571482788	geckodriver	INFO	Listening on 127.0.0.1:60489
1656571482792	mozrunner::runner	INFO	Running command: "/usr/bin/firefox" "--marionette" "--remote-debugging-port" "49357" "--remote-allow-hosts" "localhost" "-no-remote" "-profile" "/tmp/rust_mozprofileyxX0CO"
1656571483558	Marionette	INFO	Marionette enabled
WebDriver BiDi listening on ws://localhost:49357
console.warn: SearchSettings: "get: No settings file exists, new profile?" (new NotFoundError("Could not open the file at /tmp/rust_mozprofileyxX0CO/search.json.mozlz4", (void 0)))
Missing chrome or resource URL: resource://gre/modules/UpdateListener.jsm
1656571484660	Marionette	INFO	Listening on port 40423
Read port: 40423
1656571484707	RemoteAgent	WARN	TLS certificate errors will be ignored for this session
DevTools listening on ws://localhost:49357/devtools/browser/7a2cd48f-6281-4aac-91fa-2c0eee5ab291
Missing chrome or resource URL: resource://gre/modules/UpdateListener.jsm
console.error: "Error during quit-application-granted: [Exception... \"File error: Not found\"  nsresult: \"0x80520012 (NS_ERROR_FILE_NOT_FOUND)\"  location: \"JS frame :: resource:///modules/BrowserGlue.jsm :: _onQuitApplicationGranted/tasks< :: line 1969\"  data: no]"
1656571580325	Marionette	INFO	Stopped listening on port 40423
console.warn: TopSitesFeed: Failed to fetch data from Contile server: NetworkError when attempting to fetch resource.

###!!! [Parent][PImageBridgeParent] Error: RunMessage(msgname=PImageBridge::Msg_WillClose) Channel closing: too late to send/recv, messages will be lost

Sandbox: Unexpected EOF, op 0 flags 00 path /proc/cpuinfo
1656571667718	geckodriver	INFO	Listening on 127.0.0.1:45697
1656571667723	mozrunner::runner	INFO	Running command: "/usr/bin/firefox" "--marionette" "--remote-debugging-port" "35751" "--remote-allow-hosts" "localhost" "-no-remote" "-profile" "/tmp/rust_mozprofilev2Chj0"
1656571668673	Marionette	INFO	Marionette enabled
WebDriver BiDi listening on ws://localhost:35751
console.warn: SearchSettings: "get: No settings file exists, new profile?" (new NotFoundError("Could not open the file at /tmp/rust_mozprofilev2Chj0/search.json.mozlz4", (void 0)))
Missing chrome or resource URL: resource://gre/modules/UpdateListener.jsm
1656571670181	Marionette	INFO	Listening on port 44501
DevTools listening on ws://localhost:35751/devtools/browser/8a309657-8ce9-4103-aacb-e0f940865d5b
Read port: 44501
1656571670242	RemoteAgent	WARN	TLS certificate errors will be ignored for this session
Exiting due to channel error.
Exiting due to channel error.
[GFX1-]: Receive IPC close with reason=AbnormalShutdown
Exiting due to channel error.
1656571709336	geckodriver	INFO	Listening on 127.0.0.1:39765
1656571709837	mozrunner::runner	INFO	Running command: "/usr/bin/firefox" "--marionette" "--remote-debugging-port" "55897" "--remote-allow-hosts" "localhost" "-no-remote" "-profile" "/tmp/rust_mozprofileJ2hsXI"
1656571710686	Marionette	INFO	Marionette enabled
WebDriver BiDi listening on ws://localhost:55897
console.warn: SearchSettings: "get: No settings file exists, new profile?" (new NotFoundError("Could not open the file at /tmp/rust_mozprofileJ2hsXI/search.json.mozlz4", (void 0)))
Missing chrome or resource URL: resource://gre/modules/UpdateListener.jsm
1656571711880	Marionette	INFO	Listening on port 35893
DevTools listening on ws://localhost:55897/devtools/browser/4ebb46cb-edad-40e4-bfa4-3f2aeee599d8
Read port: 35893
1656571711955	RemoteAgent	WARN	TLS certificate errors will be ignored for this session
1656571722782	Marionette	INFO	Stopped listening on port 35893
Missing chrome or resource URL: resource://gre/modules/UpdateListener.jsm
console.error: "Error during quit-application-granted: [Exception... \"File error: Not found\"  nsresult: \"0x80520012 (NS_ERROR_FILE_NOT_FOUND)\"  location: \"JS frame :: resource:///modules/BrowserGlue.jsm :: _onQuitApplicationGranted/tasks< :: line 1969\"  data: no]"

###!!! [Parent][PImageBridgeParent] Error: RunMessage(msgname=PImageBridge::Msg_WillClose) Channel closing: too late to send/recv, messages will be lost

1656572023084	geckodriver	INFO	Listening on 127.0.0.1:44733
1656572023090	mozrunner::runner	INFO	Running command: "/usr/bin/firefox" "--marionette" "--remote-debugging-port" "45295" "--remote-allow-hosts" "localhost" "-no-remote" "-profile" "/tmp/rust_mozprofile1VBBFb"
1656572024169	Marionette	INFO	Marionette enabled
WebDriver BiDi listening on ws://localhost:45295
console.warn: SearchSettings: "get: No settings file exists, new profile?" (new NotFoundError("Could not open the file at /tmp/rust_mozprofile1VBBFb/search.json.mozlz4", (void 0)))
Missing chrome or resource URL: resource://gre/modules/UpdateListener.jsm
1656572025726	Marionette	INFO	Listening on port 37313
DevTools listening on ws://localhost:45295/devtools/browser/5d88e6be-ba20-4de8-870f-5163347e78e2
Read port: 37313
1656572025809	RemoteAgent	WARN	TLS certificate errors will be ignored for this session
1656572037721	Marionette	INFO	Stopped listening on port 37313
Missing chrome or resource URL: resource://gre/modules/UpdateListener.jsm
console.error: "Error during quit-application-granted: [Exception... \"File error: Not found\"  nsresult: \"0x80520012 (NS_ERROR_FILE_NOT_FOUND)\"  location: \"JS frame :: resource:///modules/BrowserGlue.jsm :: _onQuitApplicationGranted/tasks< :: line 1969\"  data: no]"

###!!! [Parent][PImageBridgeParent] Error: RunMessage(msgname=PImageBridge::Msg_WillClose) Channel closing: too late to send/recv, messages will be lost

1656572065608	geckodriver	INFO	Listening on 127.0.0.1:53619
1656572065613	mozrunner::runner	INFO	Running command: "/usr/bin/firefox" "--marionette" "--remote-debugging-port" "37277" "--remote-allow-hosts" "localhost" "-no-remote" "-profile" "/tmp/rust_mozprofile5lZ2JZ"
1656572066602	Marionette	INFO	Marionette enabled
WebDriver BiDi listening on ws://localhost:37277
console.warn: SearchSettings: "get: No settings file exists, new profile?" (new NotFoundError("Could not open the file at /tmp/rust_mozprofile5lZ2JZ/search.json.mozlz4", (void 0)))
Missing chrome or resource URL: resource://gre/modules/UpdateListener.jsm
1656572068347	Marionette	INFO	Listening on port 37315
DevTools listening on ws://localhost:37277/devtools/browser/9ff72ad5-3461-47b6-9264-77125420cbd0
Read port: 37315
1656572068437	RemoteAgent	WARN	TLS certificate errors will be ignored for this session
1656572128624	geckodriver	INFO	Listening on 127.0.0.1:37653
1656572128630	mozrunner::runner	INFO	Running command: "/usr/bin/firefox" "--marionette" "--remote-debugging-port" "44607" "--remote-allow-hosts" "localhost" "-no-remote" "-profile" "/tmp/rust_mozprofileqRfztS"
1656572129826	Marionette	INFO	Marionette enabled
WebDriver BiDi listening on ws://localhost:44607
console.warn: SearchSettings: "get: No settings file exists, new profile?" (new NotFoundError("Could not open the file at /tmp/rust_mozprofileqRfztS/search.json.mozlz4", (void 0)))
Missing chrome or resource URL: resource://gre/modules/UpdateListener.jsm
1656572132284	Marionette	INFO	Listening on port 35941
Read port: 35941
DevTools listening on ws://localhost:44607/devtools/browser/bbe283c8-a472-401d-8dc6-7ad410397783
1656572132367	RemoteAgent	WARN	TLS certificate errors will be ignored for this session
Missing chrome or resource URL: resource://gre/modules/UpdateListener.jsm
console.error: "Error during quit-application-granted: [Exception... \"File error: Not found\"  nsresult: \"0x80520012 (NS_ERROR_FILE_NOT_FOUND)\"  location: \"JS frame :: resource:///modules/BrowserGlue.jsm :: _onQuitApplicationGranted/tasks< :: line 1969\"  data: no]"
1656572134991	Marionette	INFO	Stopped listening on port 37315
console.warn: TopSitesFeed: Failed to fetch data from Contile server: NetworkError when attempting to fetch resource.

###!!! [Parent][PImageBridgeParent] Error: RunMessage(msgname=PImageBridge::Msg_WillClose) Channel closing: too late to send/recv, messages will be lost

1656572144422	Marionette	INFO	Stopped listening on port 35941
Missing chrome or resource URL: resource://gre/modules/UpdateListener.jsm
console.error: "Error during quit-application-granted: [Exception... \"File error: Not found\"  nsresult: \"0x80520012 (NS_ERROR_FILE_NOT_FOUND)\"  location: \"JS frame :: resource:///modules/BrowserGlue.jsm :: _onQuitApplicationGranted/tasks< :: line 1969\"  data: no]"
1656573477157	geckodriver	INFO	Listening on 127.0.0.1:58369
1656573477161	mozrunner::runner	INFO	Running command: "/usr/bin/firefox" "--marionette" "--remote-debugging-port" "33687" "--remote-allow-hosts" "localhost" "-no-remote" "-profile" "/tmp/rust_mozprofilecKoxcd"
1656573478097	Marionette	INFO	Marionette enabled
WebDriver BiDi listening on ws://localhost:33687
console.warn: SearchSettings: "get: No settings file exists, new profile?" (new NotFoundError("Could not open the file at /tmp/rust_mozprofilecKoxcd/search.json.mozlz4", (void 0)))
Missing chrome or resource URL: resource://gre/modules/UpdateListener.jsm
1656573479529	Marionette	INFO	Listening on port 39869
DevTools listening on ws://localhost:33687/devtools/browser/944b85b1-e796-470f-b869-6f14bafc9ace
Read port: 39869
1656573479592	RemoteAgent	WARN	TLS certificate errors will be ignored for this session
1656573498216	Marionette	INFO	Stopped listening on port 39869
Missing chrome or resource URL: resource://gre/modules/UpdateListener.jsm
console.error: "Error during quit-application-granted: [Exception... \"File error: Not found\"  nsresult: \"0x80520012 (NS_ERROR_FILE_NOT_FOUND)\"  location: \"JS frame :: resource:///modules/BrowserGlue.jsm :: _onQuitApplicationGranted/tasks< :: line 1969\"  data: no]"
